<?xml version="1.0" encoding="UTF-8"?>
<!-- Generated by org.testng.reporters.JUnitXMLReporter -->
<testsuite ignored="0" hostname="DELL" failures="0" tests="4" name="Default test" time="0.091" errors="0" timestamp="2023-05-17T11:57:38 IST">
  <testcase classname="testNG.testng.LoginTest" name="bloginTest" time="0.009"/>
  <testcase classname="testNG.testng.LoginTest" name="alogoutTest" time="0.001"/>
  <testcase classname="testNG.testng.LoginTest" name="z1" time="0.001"/>
  <testcase classname="testNG.testng.LoginTest" name="z2" time="0.001"/>
</testsuite> <!-- Default test -->
