<?xml version="1.0" encoding="UTF-8"?>
<testng-results ignored="0" total="4" passed="4" failed="0" skipped="0">
  <reporter-output>
  </reporter-output>
  <suite started-at="2023-05-17T11:57:38 IST" name="Default suite" finished-at="2023-05-17T11:57:38 IST" duration-ms="91">
    <groups>
    </groups>
    <test started-at="2023-05-17T11:57:38 IST" name="Default test" finished-at="2023-05-17T11:57:38 IST" duration-ms="91">
      <class name="testNG.testng.LoginTest">
        <test-method signature="bloginTest()[pri:-1, instance:testNG.testng.LoginTest@4803b726]" started-at="2023-05-17T11:57:38 IST" name="bloginTest" description="This is a login test" finished-at="2023-05-17T11:57:38 IST" duration-ms="9" status="PASS">
          <reporter-output>
          </reporter-output>
        </test-method> <!-- bloginTest -->
        <test-method signature="alogoutTest()[pri:0, instance:testNG.testng.LoginTest@4803b726]" started-at="2023-05-17T11:57:38 IST" name="alogoutTest" description="This is a logout test" finished-at="2023-05-17T11:57:38 IST" duration-ms="1" status="PASS">
          <reporter-output>
          </reporter-output>
        </test-method> <!-- alogoutTest -->
        <test-method signature="z1()[pri:0, instance:testNG.testng.LoginTest@4803b726]" started-at="2023-05-17T11:57:38 IST" name="z1" finished-at="2023-05-17T11:57:38 IST" duration-ms="1" status="PASS">
          <reporter-output>
          </reporter-output>
        </test-method> <!-- z1 -->
        <test-method signature="z2()[pri:0, instance:testNG.testng.LoginTest@4803b726]" started-at="2023-05-17T11:57:38 IST" name="z2" finished-at="2023-05-17T11:57:38 IST" duration-ms="1" status="PASS">
          <reporter-output>
          </reporter-output>
        </test-method> <!-- z2 -->
      </class> <!-- testNG.testng.LoginTest -->
    </test> <!-- Default test -->
  </suite> <!-- Default suite -->
</testng-results>
